  0 1 2 3 4 5 6 7 8 9 0 1 2 3 4 5 6 7 8 9 0 1 2 3 4 5 6 7 8 9 0 1 2 3 4
0                                         I                            
1                       I                                              
2                                                                      
3                                                                      
4                                                 I                    
5                                                                      
6   I                                                                  
7     I                                                                
8                                               X         X            
9                                                                      
0                                                                      
1                                                                      
2                                                                      
3                                                                      
4                                       I         I                    
5                     I                                                
6                                                               X      
7                         I                                            
8                 X                                                 X  
9                   I                                                  
------------------------------------------------------------------------
  0 1 2 3 4 5 6 7 8 9 0 1 2 3 4 5 6 7 8 9 0 1 2 3 4 5 6 7 8 9 0 1 2 3 4
0                                         I                            
1                       I                                              
2                                                                      
3                                                                      
4                                                 I                    
5                                                                      
6   I                                                                  
7     I                                                   X            
8                                                                      
9                                               X                      
0                                                                      
1                                                                      
2                                                                      
3                                                                      
4                                       I         I                    
5                     I                                                
6                                                                      
7                         I                                     X      
8                                                                      
9                 X I                                               X  
------------------------------------------------------------------------
[1;5;33;41mID: 86701000[0m
