[31;47m***********[0m [31;47m***********[0m [31;47m***********[0m [31;47m***********[0m [30;47m***********[0m 
[31;47m*5H       *[0m [31;47m*10H      *[0m [31;47m*JH       *[0m [31;47m*7D       *[0m [30;47m*3C       *[0m 
[31;47m*         *[0m [31;47m*  H   H  *[0m [31;47m*  HHHHH  *[0m [31;47m*         *[0m [30;47m*         *[0m 
[31;47m*  H   H  *[0m [31;47m*    H    *[0m [31;47m*     H   *[0m [31;47m*  D   D  *[0m [30;47m*    C    *[0m 
[31;47m*         *[0m [31;47m*  H   H  *[0m [31;47m*     H   *[0m [31;47m*         *[0m [30;47m*         *[0m 
[31;47m*    H    *[0m [31;47m*         *[0m [31;47m*     H   *[0m [31;47m*  D D D  *[0m [30;47m*    C    *[0m 
[31;47m*         *[0m [31;47m*  H   H  *[0m [31;47m*     H   *[0m [31;47m*         *[0m [30;47m*         *[0m 
[31;47m*  H   H  *[0m [31;47m*    H    *[0m [31;47m*  H  H   *[0m [31;47m*  D   D  *[0m [30;47m*    C    *[0m 
[31;47m*         *[0m [31;47m*  H   H  *[0m [31;47m*   HHH   *[0m [31;47m*         *[0m [30;47m*         *[0m 
[31;47m*        5*[0m [31;47m*       10*[0m [31;47m*        J*[0m [31;47m*        7*[0m [30;47m*        3*[0m 
[31;47m***********[0m [31;47m***********[0m [31;47m***********[0m [31;47m***********[0m [30;47m***********[0m 
[30;47m***********[0m [30;47m***********[0m 
[30;47m*8C       *[0m [30;47m*5C       *[0m 
[30;47m*         *[0m [30;47m*         *[0m 
[30;47m*  C   C  *[0m [30;47m*  C   C  *[0m 
[30;47m*    C    *[0m [30;47m*         *[0m 
[30;47m*  C   C  *[0m [30;47m*    C    *[0m 
[30;47m*    C    *[0m [30;47m*         *[0m 
[30;47m*  C   C  *[0m [30;47m*  C   C  *[0m 
[30;47m*         *[0m [30;47m*         *[0m 
[30;47m*        8*[0m [30;47m*        5*[0m 
[30;47m***********[0m [30;47m***********[0m 
[1;5;33;41mID: u1234567[0m

